[   0.0000] Intilizing croup susys cust
[    0.00000]nitiaizin croupsusys cpu
[    .0000]nitialzig cgou subs cuacct
   0.000] Linx eron4.40-78-generi (buldd@lgw01-ad6-0) (gcc version 5.4.0 20160609 (bunt5.4.0-6ubuntu1~16.04.12)  #20-Ubuntu SP Sn Apr 5 23:45:10 UTC 2020 (Uuntu 4.40-178.208generic4.4.217)
[  0.00000] ommand lie: OOT_IMAGE=/boot/vmlinuz-4.40-178-generc rootABELloudimg-rootfs ro console=tty1 console=ty0
[    0.000000] KERNEsupport cpus
    0.00000]  Inte GnuieIntl
[   0.000]  AMDuthentiAM
[   0.00000]   Centau CentaurHaus
[    0.000000] 86/fpu: xstate_offset[2]:  576, xstate_sizes[2]:  256
[    0.000000] x86/fpu: SupportingXSVE fature 0x01: 'x87 floating point reisers'
[    0.00000] x8/fpu: Suppoting XSAVE featur 0x02: 'SE registers'
[    0000000] x86/fu: Supporing XSAV feture 0x04: 'AVX registers'
[   0.000000 x86/fpu: Enabledd xstatefeatures 0x7, context size is 832 bytes, using 'standard' format.
[    0.00000 e820: BIOS-proided hysicl AMmap:
[    0000000] BIOS-e820: [mem x000000000000000-0x00000000000fbff] usble
[   0.00000 BIOSe80: [em0x000000009f0-0x0000000009ffff] reerved
[    0.00000] BOS-e820 [mem0x0000000000f0000-x0000000000fffff rseved
[    0000000] BIS-e820: [mem 0x000000000010000-0000000007ffeffff] uable
[    0.000000] BIOS-e820: [mem 0x00000007fff0000-0x00000000fffffff] ACPI data
[    0.000000] BIOS-e820: [mem 0x00000000fec00000-0x0000000fec00fff] reserved
[    0.000000]BIOS-e80: [mem 0x00000000fee00000-0x00000000fee00fff] reserved
[    0.000000] BIOS-e820: [mem 0x00000000fffc0000-0x00000000ffffffff] reserved
[    0.000000] NX (Execute Disable) protection: active
    0.000000] SMBIOS 2.5 present.
[    0.000000] Hypervior detcted: KVM
[    0.000000] e820: last_pfn = 0x7fff0 max_arch_pfn = 0x400000000
[    0.000000] MTRR: Disabled
[    0.00000] x86/PAT: MTRRs disabled, skipping AT initialization too.
[    0.000000 CPU MTRRs all blank - virtualized systm.
[    0.000000] x86/PA: Configuration [0-7: WB  WT  UC UC  B  WT  UC- UC  
[    0.000000] ound SMP MP-table at [me 0x0009fff0-0x0009fff] mapped at [ffff88000009fff0]
[    0.000000] Scanning 1 areas for ow memory corruption
[    0.000000] RAMDISK: [mem 0x362e0000-0x3716fff]
[    0.000000] ACPI: Early table checksum verification disabled
[    0.000000] ACPI: RSDP 0x00000000000E0000 000024 (v02 VBOX  )
[    0.000000] ACPI: XSDT 0x000000007FFF0030 00003C (v01 VBOX   VBOXXSDT00000001 ASL  00000061)
[    0.00000] ACPI: FACP 0x000000007FFF00F0 0000F4 (v04 VOX   VBOXFACP 00000001 ASL  00000061)
[    0.000000] ACPI: DSDT 0x000000007FFF0470 0021FF (v02 VBOX   VBOXBIOS 00000002 INTL 20100528)
[    0.000000] ACPI: FACS 0x000000007FFF0200 000040
[    0.000000] ACPI: FACS 0x000000007FFF0200 00040
[    0.000000] ACPI: APIC 0x000000007FFF0240 00005C (v02 VBOX   VBOXAPIC 00000001 ASL  00000061)
[    0.000000] ACPI: SSDT 0x0000000007FFF02A0 001C (v01 VOX   VBOXCPUT 00000002 INTL 20100528)
[    0.000000] No NUMA configuration foun
[    0000000] Fking a node at [mm 0x000000000000000-0x000000007ffeffff]
[    0.00000] NOD_DATA(0) allocated [mem 0x7ffeb00-0x7ffffff]
[   0.00000] km-lock: Using msrs 4b54d01 and 4b564d00
[   0.000000] kvm-clck: cpu 0, msr 0:7ffe3001, primy cpu clock
[   0.0000] kvm-clock: using sched offset of 5177887313 cycles
[    .000000] clocksource: kvm-clock: mask: 0xfffffffffffffff ma_cycle: 0x1cd42e4dffb, max_ile_n: 88150591483ns
[    .00000] Zone ranges:
[    0.000000]   DMA      me 0x0000000000001000-0x0000000000ffffff]
[    0.000000]   DMA32    mem 0x0000000001000000-0x000000007ffeffff]
[   0.000000]   Normal empty
[    0.000000]   Device   empty
[    0.000000] Movable zone start for each node
[    0.00000] Early memorynoe ranges
[    0.000000]   ode   0: [mem 0x0000000000001000-0x000000000009efff]
[   0.000000]   node   0: [mem 0x00000000100000-0x000000007ffeffff]
[    0.000000] Initmem setup node 0 [mem 0x000000000001000-0x000000007ffeffff]
[    0.000000] ACPII: PM-Timer IO Port: 0x4008
[   0000000] IOAPIC[0]: apic_id 2, version 32, address 0xfec0000, GSI0-23
[    0.000000 ACPI: INT_SRC_OVR (bu 0bus_irq 0 global_irq 2 dfl dfl)
[    0.000000] ACPI: INT_SRC_OVR (bus 0 bus_irq 9 global_irq 9 low level
[    0.000000] Using ACPI (MADT) for SMP confguationinformation
[    0.000000] smpboot: llowing 2 CPUs, 0 hotplug CPUs
[    0.000000] PM Registered nosave memory: [em 0x00000000-0x00000fff]
[    0.00000] PM: egisered nosave memory: [mem 0x0009f000-0x0009ffff]
[    0.000000] PM: egistered nosave memry: [mm 0x00a0000-0x000effff]
[    0.000000] PM: Registere nosave memory [mem 0x00f0000-0x000fffff]
[    0.000000] e820: [mem 0x80000000-0xfebfffff] available for PCI devices
[    0.000000] Booting paravirtualized kernel on KVM
    0.000000] clocksource:refined-jiffies: mask: 0xffffffff max_cycles: 0xffffffff, max_idle_ns: 764551960021168ns
[    0.000000] stup_prcp: NR_CPUS:52 nr_pumask_bits:512 nr_cpu_ids:2 nr_node_ids:1
[    0.000000] PERCPU: Embedded 33 pages/cpu @ffff88007fc00000 s95448 r8192 d31528 u1048576
[    0.000000] Built 1 zonelists in Node order, mobility grouping on.  Total pages: 51560
[    0.000000] olcy zone: DMA32
[    0.000000] Kernel command line: BOOT_IMAGE=/boot/vmlinuz-4..0-178-generic root=LABEL=cloudimg-rootf r consol=tty1 consle=ttyS0
[    0.000000] PID hash table entries: 4096 (orde: 3, 32768 bytes)
[    0.000000] Memory: 2029864K/2096696K available (866K kernel code, 1336K rwdata, 4036K rodata, 1488K init, 1292K bss, 66832K reserved, 0K cma-reserved)
[    0.00000] SLB: HWalign=4, Order=0-3, MinObjects=0, CPUs=2,Noes=1
[    0.00000 Kernel/Usr page tables isolation: enabled
[    0.000000] Hierarchical RCU implementation.
[    0.000000] 	Bild-time adjustment of leaf fanout to 64.
[    0.000000] 	RCU restricting CPUs from NR_CPUS=512 to nr_cpu_ids=2.
[   0.000000] RCU: Adusting geometr fr cu_fanout_leaf=64, nr_cpu_ids=2
[   0.000000] NR_IQS:33024 nrirqs:440 16
[   0.00000] Cnsole: olour VGA+ 80x25
[    .000000] cnsle [tty1] enabled
[    0.000000] consol [tyS] enaled
[    0.000000] tsc: Detected 2592.000 MHz processor
[   14.267861] Calibrating delay loop (skipped) preset value.. 5184.00 BogoMIPS (lpj=10368000)
[   14.316845] pid_max: default: 32768 minimum: 301
[   14.336494] ACPI: Core revision 20150930
[   14.358552] ACPI: 2 ACPI AML tables successfully acquired and loaded
[   14.411599] Security Framework initialized
[   14.487297] Yama: becoming mindful.
[   14.530686] AppArmor: AppArmor initialized
[   14.626469] Dentry cache hash table entries: 262144 (order: 9, 2097152 bytes)
[   14.663646] Inode-cache hash table entries: 131072 (order: 8, 1048576 bytes)
[   14.827233] Mount-cache hash table entries: 4096 (order: 3, 32768 bytes)
[   14.922889] Mountpoint-cache hash table entries: 4096 (order: 3, 32768 bytes)
[   15.003175] Initializing cgroup subsys io
[   15.064150] Initializing cgroup subsys memory
[   15.117675] Initializing cgroup subsys devices
[   15.185821] Initializing cgroup subsys freezer
[   15.227115] Initializing cgroup subsys net_cls
[   15.286580] Initializing cgroup subsys perf_event
[   15.350839] Initializing cgroup subsys net_prio
[   15.426203] Initializing cgroup subsys hugetlb
[   15.461090] Initializing cgroup subsys pids
[   15.535542] mce: CPU supports 0 MCE banks
[   15.597813] Last level iTLB entries: 4KB 64, 2MB 8, 4MB 8
[   15.670940] Last level dTLB entries: 4KB 64, 2MB 0, 4MB 0, 1GB 4
[   15.771331] Spectre V1 : Mitigation: usercopy/swapgs barriers and __user pointer sanitization
[   15.854557] Spectre V2 : Mitigation: Full generic retpoline
[   15.884439] Spectre V2 : Spectre v2 / SpectreRSB mitigation: Filling RSB on context switch
[   15.951280] Speculative Store Bypass: Vulnerable
[   16.002266] MDS: Vulnerable: Clear CPU buffers attempted, no microcode
[   16.073780] Freeing SMP alternatives memory: 36K
[   16.140696] ftrace: allocating 32308 entries in 127 pages
[   16.309212] smpboot: APIC(0) Converting physical 0 to logical package 0
[   16.421527] smpboot: Max logical packages: 1
[   16.490190] x2apic enabled
[   16.537881] Switched APIC routing to physical x2apic.
[   16.607444] ..TIMER: vector=0x30 apic1=0 pin1=2 apic2=-1 pin2=-1
[   16.791134] smpboot: CPU0: Intel(R) Core(TM) i7-6500U CPU @ 2.50GHz (family: 0x6, model: 0x4e, stepping: 0x3)
[   16.983247] Performance Events: unsupported p6 CPU model 78 no PMU driver, software events only.
[   17.126199] KVM setup paravirtual spinlock
[   17.242724] x86: Booting SMP configuration:
[   17.321320] .... node  #0, CPUs:      #1
[   17.372751] kvm-clock: cpu 1, msr 0:7ffe3041, secondary cpu clock
[   17.426312] mce: CPU supports 0 MCE banks
[   17.463290] x86: Booted up 1 node, 2 CPUs
[   17.527567] smpboot: Total of 2 processors activated (10368.00 BogoMIPS)
[   17.606889] devtmpfs: initialized
[   17.667565] evm: security.selinux
[   17.703920] evm: security.SMACK64
[   17.740847] evm: security.SMACK64EXEC
[   17.797581] evm: security.SMACK64TRANSMUTE
[   17.838671] evm: security.SMACK64MMAP
[   17.871956] evm: security.ima
[   17.900559] evm: security.capability
[   17.955995] clocksource: jiffies: mask: 0xffffffff max_cycles: 0xffffffff, max_idle_ns: 7645041785100000 ns
[   18.056713] futex hash table entries: 512 (order: 3, 32768 bytes)
[   18.126717] pinctrl core: initialized pinctrl subsystem
[   18.198820] RTC time: 21:32:15, date: 05/13/20
[   18.262209] NET: Registered protocol family 16
[   18.341733] cpuidle: using governor ladder
[   18.410936] cpuidle: using governor menu
[   18.474915] PCCT header not found.
[   18.511116] ACPI: bus type PCI registered
[   18.553946] acpiphp: ACPI Hot Plug PCI Controller Driver version: 0.5
[   18.633193] PCI: Using configuration type 1 for base access
[   18.710117] ACPI: Added _OSI(Module Device)
[   18.754147] ACPI: Added _OSI(Processor Device)
[   18.799712] ACPI: Added _OSI(3.0 _SCP Extensions)
[   18.854602] ACPI: Added _OSI(Processor Aggregator Device)
[   18.907394] ACPI: Executed 1 blocks of module-level executable AML code
[   18.966243] ACPI: Interpreter enabled
[   19.017460] ACPI: (supports S0 S5)
[   19.062357] ACPI: Using IOAPIC for interrupt routing
[   19.117360] PCI: Using host bridge windows from ACPI; if necessary, use "pci=nocrs" and report a bug
[   19.238503] ACPI: PCI Root Bridge [PCI0] (domain 0000 [bus 00-ff])
[   19.301904] acpi PNP0A03:00: _OSC: OS supports [ASPM ClockPM Segments MSI]
[   19.368171] acpi PNP0A03:00: _OSC: not requesting OS control; OS requires [ExtendedConfig ASPM ClockPM MSI]
[   19.472060] acpi PNP0A03:00: fail to add MMCONFIG information, can't access extended PCI configuration space under this bridge.
[   19.583331] PCI host bridge to bus 0000:00
[   19.618908] pci_bus 0000:00: root bus resource [io  0x0000-0x0cf7 window]
[   19.686252] pci_bus 0000:00: root bus resource [io  0x0d00-0xffff window]
[   19.765266] pci_bus 0000:00: root bus resource [mem 0x000a0000-0x000bffff window]
[   19.833939] pci_bus 0000:00: root bus resource [mem 0x80000000-0xfdffffff window]
[   19.912986] pci_bus 0000:00: root bus resource [bus 00-ff]
[   19.988435] pci 0000:00:01.1: legacy IDE quirk: reg 0x10: [io  0x01f0-0x01f7]
[   20.074600] pci 0000:00:01.1: legacy IDE quirk: reg 0x14: [io  0x03f6]
[   20.159541] pci 0000:00:01.1: legacy IDE quirk: reg 0x18: [io  0x0170-0x0177]
[   20.236035] pci 0000:00:01.1: legacy IDE quirk: reg 0x1c: [io  0x0376]
[   20.367387] pci 0000:00:07.0: quirk: [io  0x4000-0x403f] claimed by PIIX4 ACPI
[   20.458580] pci 0000:00:07.0: quirk: [io  0x4100-0x410f] claimed by PIIX4 SMB
[   20.557137] ACPI: PCI Interrupt Link [LNKA] (IRQs 5 9 10 *11)
[   20.621723] ACPI: PCI Interrupt Link [LNKB] (IRQs 5 9 *10 11)
[   20.687816] ACPI: PCI Interrupt Link [LNKC] (IRQs 5 *9 10 11)
[   20.758136] ACPI: PCI Interrupt Link [LNKD] (IRQs 5 9 10 *11)
[   20.810168] ACPI: Enabled 2 GPEs in block 00 to 07
[   20.845782] vgaarb: setting as boot device: PCI:0000:00:02.0
[   20.921788] vgaarb: device added: PCI:0000:00:02.0,decodes=io+mem,owns=io+mem,locks=none
[   21.029725] vgaarb: loaded
[   21.056566] vgaarb: bridge control possible 0000:00:02.0
[   21.103170] SCSI subsystem initialized
[   21.143602] ACPI: bus type USB registered
[   21.201843] usbcore: registered new interface driver usbfs
[   21.271153] usbcore: registered new interface driver hub
[   21.319377] usbcore: registered new device driver usb
[   21.373381] PCI: Using ACPI for IRQ routing
[   21.413967] NetLabel: Initializing
[   21.463352] NetLabel:  domain hash size = 128
[   21.509296] NetLabel:  protocols = UNLABELED CIPSOv4
[   21.582492] NetLabel:  unlabeled traffic allowed by default
[   21.608474] amd_nb: Cannot enumerate AMD northbridges
[   21.653319] clocksource: Switched to clocksource kvm-clock
[   2185540] ppmo: ApArorFieste Ebld  2.23] p:nP ACPIin
[ 22059] p:nPCP fnd dic
[ 23978]clocksorc: pim:as 0ffff x_cl: ffffmaid_n 2570124 n
[ 24716]ETReiseredproc fil2
[   255011] TP tablihed hashtale entries 16384 orer: 5, 13102 tes)
[   .038] P ndas tleenie 1638 (de 6 2624 te
  6.145]CPHa tlecoigedesblhe1684 bin 184
[ 276369UDha tlentes10 (orer 3, 3268yts)
[   28813675 UDLi hshab entries: 124(ode 3,328 tes
  9.5508] NET: Rgitere ptoolamy 1
[ 30105]ci 0000:0. Litngirt CI/PI taners
  0.916] ci0000:01.0: Activating ISADMAhag rkaronds
[   3.59139] Unacking initramfs..
[   33.738306] Freeing initrd memory: 14880K
[   33.790081] clocksource: tsc: mask: 0xffffffffffffffff max_cycles: 0x255cb6cc5db, max_idle_ns: 440795203504 ns
[   33.896229] platform rtc_cmos: registered platform RTC device (no PNP device found)
[   33.980827] Scanning for low memory corruption every 60 seconds
[   34.082716] audit: initializing netlink subsys (disabled)
[   34.158135] audit: type=2000 audit(1589405538.205:1): initialized
[   34.224662] Initialise system trusted keyring
[   34.279050] HugeTLB registered 2 MB page size, pre-allocated 0 pages
[   34.350003] zbud: loaded
[   34.376431] FS: isquasdqot.6
[  347522] VFS: Dqt-ache astable ntes: 51 (rdr 0, 09byte)
[   35.460014] squashfs: version 4.0 (2009/01/31) Phillip Lougher
[   35.534748] fuse init (API version 7.23)
[   35.587175] Key type big_key registered
[   35.626177] Allocating IMA MOK and blacklist keyrings.
[   35.689691] Key type asymmetric registered
[   35.757574] Asymmetric key parser 'x509' registered
[   35.824019] Block layer SCSI generic (bsg) driver version 0.4 loaded (major 249)
[   35.902499] io scheduler noop registered
[   35.955696] io scheduler deadline registered (default)
[   36.02605]o helecfrested
[   36.53492]ci_otpugPC Ho Pug PCI Core vesi: 5  7.71965] cip: CIxprssotlug onolr iver vrson: 4
[  37.000]CP AAdte[A (-line
[   3.401 iutPor tton as/dvices/LNXSYSTM:00LNWR:0int/pu
[   39.730]CP: weBuon PWF]
[   3.786] input: Sleputn  /dic/LSYM:/LSLN:0/input/np1
[ 4068619] ACP: leepButon SL]
[   41.075147 GS:HEST s not enable!   410758AC: ttery Slot BA] (battery resen)

[   41.849645] Serial: 8250/16550 driver, 32 ports, IRQ sharing enabled
[   41.932368] 00:02: ttyS0 at I/O 0x3f8 (irq = 4, base_baud = 115200) is a 16550A
[   42.005631] Linux agpgart interface v0.103
[   42.121064] loop: module loaded
[   42.162803] scsi host0: ata_piix
[   42.192288] scsi host1: ata_piix
[   42.230006] ata1: PATA max UDMA/33 cmd 0x1f0 ctl 0x3f6 bmdma 0xd000 irq 14
[   42.298546] ata2: PATA max UDMA/33 cmd 0x170 ctl 0x376 bmdma 0xd008 irq 15
[   42.362835] libphy: Fixed MDIO Bus: probed
[   42.386227] tun: Universal TUN/TAP device driver, 1.6
[   42.442252] tun: (C) 1999-2004 Max Krasnyansky <maxk@qualcomm.com>
[   42.506114] PPP generic driver version 2.4.2
[   42.559673] ehci_hcd: USB 2.0 'Enhanced' Host Controller (EHCI) Driver
[   42.606287] ehci-pci: EHCI PCI platform driver
[   42.650186] ehci-platform: EHCI generic platform driver
[   42.696157] ohci_hcd: USB 1.1 'Open' Host Controller (OHCI) Driver
[   42.746873] ohci-pci: OHCI PCI platform driver
[   42.800390] ohci-platform: OHCI generic platform driver
[   42.835631] uhci_hcd: USB Universal Host Controller Interface driver
[   42.909373] i8042: PNP: PS/2 Controller [PNP0303:PS2K,PNP0f03:PS2M] at 0x60,0x64 irq 1,12
[   43.010629] serio: i8042 KBD port at 0x60,0x64 irq 1
[   43.052735] serio: i8042 AUX port at 0x60,0x64 irq 12
[   43.073629] mousedev: PS/2 mouse device common for all mice
[   43.119408] rtc_cmos rtc_cmos: rtc core: registered rtc_cmos as rtc0
[   43.194830] rtc_cmos rtc_cmos: alarms up to one day, 114 bytes nvram
[   43.268070] i2c /dev entries driver
[   43.306158] input: AT Translated Set 2 keyboard as /devices/platform/i8042/serio0/input/input2
[   43.414642] device-mapper: uevent: version 1.0.3
[   43.460359] device-mapper: ioctl: 4.34.0-ioctl (2015-10-28) initialised: dm-devel@redhat.com
[   43.530097] ledtrig-cpu: registered to indicate activity on CPUs
[   43.602436] NET: Registered protocol family 10
[   43.674701] NET: Registered protocol family 17
[   43.738451] Key type dns_resolver registered
[   43.788274] registered taskstats version 1
[   43.854497] Loading compiled-in X.509 certificates
[   43.908137] Loaded X.509 cert 'Build time autogenerated kernel key: f33c437cc9123d9712070bdfe932b55b24c56047'
[   44.011712] zswap: loaded using pool lzo/zbud
[   44.084423] Key type trusted registered
[   44.137641] Key type encrypted registered
[   44.193899] AppArmor: AppArmor sha1 policy hashing enabled
[   44.254586] ima: No TPM chip found, activating TPM-bypass!
[   44.340881] ima: Allocated hash algorithm: sha1
[   44.409369] evm: HMAC attrs: 0x1
[   44.44254] Magic numer4:7650[   44.78768 tty yS2: shates
[   42052clkent clocevt1ha mches
[   4.84496ac P0C:01: ashmahe

[   4.307 rtc_mortcm: ttg system clok o 205- 232:4 U (8955)
[   44058 BIO E fily v0.6 04-Jun-2, decesfoud
[   4.2688] EDD informaonotvalale

[   48.789979] Freeing unused kernel memory: 1488K
[   49.778863] Write protecting the kernel read-only data: 14336k
[   51.196553] Freeing unused kernel memory: 1604K
[   52.403434] Freeing unused kernel memory: 60K
Loading, please wait...
[   53.472296] random: systemd-udevd: uninitialized urandom read (16 bytes read, 9 bits of entropy available)
starting version[   53.472929] random: udevadm: uninitialized urandom read (16 bytes read, 9 bits of entropy available)
 229
[   53.472950] random: udevadm: uninitialized urandom read (16 bytes read, 9 bits of entropy available)
[   53.487826] random: udevadm: uninitialized urandom read (16 bytes read, 9 bits of entropy available)
[   53.487953] random: udevadm: uninitialized urandom read (16 bytes read, 9 bits of entropy available)
[   53.488155] random: udevadm: uninitialized urandom read (16 bytes read, 9 bits of entropy available)
[   53.488227] random: udevadm: uninitialized urandom read (16 bytes read, 9 bits of entropy available)
[   53.488294] random: udevadm: uninitialized urandom read (16 bytes read, 9 bits of entropy available)
[   53.488369] random: udevadm: uninitialized urandom read (16 bytts read, 9 bits of entropy available)
[   53.488439] random: udevadm: uninitialized urandom read (16 bytes read, 9 bits of entropy available)
[   54.704036] e1000: Intel(R) PRO/1000 Network Driver - version 7.3.21-k8-NAPI
[   54.760910] e1000: Copyright (c) 1999-2006 Intel Corporation.
[   54.813549] Fusion MPT base driver 3.04.20
[   54.859702] Copyright (c) 1999-2008 LSI Corporation
[   54.929947] AVX2 version of gcm_enc/dec engaged.
[   54.976416] AES CTR mode by8 optimization enabled
[   55.059798] Fusion MPT SPI Host driver 3.04.20
[   55.119133] input: ImExPS/2 Generic Explorer Mouse as /devices/platform/i8042/serio1/input/input4
[   55.396100] e1000 0000:00:03.0 eth0: (PCI:33MHz:32-bit) 02:cb:9c:89:30:63
[   55.454623] e1000 0000:00:03.0 eth0: Intel(R) PRO/1000 Network Connection
[   55.938546] e1000 0000:00:08.0 eth1: (PCI:33MHz:32-bit) 08:00:27:be:31:40
[   57.528589] e1000 0000:00:08.0 eth1: Intel(R) PRO/1000 Network Connection
[   57.609374] e1000 0000:00:08.0 enp0s8: renamed from eth1
[   57.687453] mptbase: ioc0: Initiating bringup
[   57.758459] e1000 0000:00:03.0 enp0s3: renamed from eth0
[   57.862948] ioc0: LSI53C1030 A0: Capabilities={Initiator}
[   59.710987] scsi host2: ioc0: LSI53C1030 A0, FwRev=00000000h, Ports=1, MaxQ=256, IRQ=20
[   61.856731] scsi 2:0:0:0: Direct-Access     VBOX     HARDDISK         1.0  PQ: 0 ANSI: 5
[   61.947013] scsi target2:0:0: Beginning Domain Validation
[   62.000415] scsi target2:0:0: Domain Validation skipping write tests
[   63.538738] scsi target2:0:0: Ending Domain Validation
[   64.583749] scsi target2:0:0: asynchronous
[   65.518908] scsi 2:0:1:0: Direct-Access     VBOX     HARDDISK         1.0  PQ: 0 ANSI: 5
[   67.214574] scsi target2:0:1: Beginning Domain Validation
[   68.652090] scsi target2:0:1: Domain Validation skipping write tests
[   69.873199] scsi target2:0:1: Ending Domain Validation
[   70.926903] scsi target2:0:1: asynchronous
[   71.772549] sd 2:0:0:0: Attached scsi generic sg0 type 0
[   71.826698] sd 2:0:1:0: Attached scsi generic sg1 type 0
[   71.827185] sd 2:0:0:0: [sda] 20971520 512-byte logical blocks: (10.7 GB/10.0 GiB)
[   71.911730] sd 2:0:1:0: [sdb] 20480 512-byte logical blocks: (10.5 MB/10.0 MiB)
[   71.995485] sd 2:0:0:0: [sda] Write Protect is off
[   71.998105] sd 2:0:1:0: [sdb] Write Protect is off
[   71.998284] sd 2:0:1:0: [sdb] Incomplete mode parameter data
[   71.998287] sd 2:0:1:0: [sdb] Assuming drive cache: write through
[   72.002557] sd 2:0:1:0: [sdb] Attached SCSI disk
[   72.174077] sd 2:0:0:0: [sda] Incomplete mode parameter data
[   72.207801] sd 2:0:0:0: [sda] Assuming drive cache: write through
[   72.251123]  sda: sda1
[   72.273497] sd 2:0:0:0: [sda] Attached SCSI disk
Begin: Loading e[   73.930805] md: linear personality registered for level -1
ssential drivers[   74.011730] md: multipath personality registered for level -4
 ... [   74.094277] md: raid0 personality registered for level 0
[   74.154440] md: raid1 personality registered for level 1
[   74.281593] raid6: sse2x1   gen()  9368 MB/s
[   74.401698] raid6: sse2x1   xor()  6663 MB/s
[   74.521944] raid6: sse2x2   gen()  7581 MB/s
[   74.641915] raid6: sse2x2   xor()  5016 MB/s
[   74.765702] raid6: sse2x4   gen() 11067 MB/s
[   74.889684] raid6: sse2x4   xor()  7996 MB/s
[   75.009747] raid6: avx2x1   gen() 16018 MB/s
[   75.121590] raid6: avx2x2   gen() 18712 MB/s
[   75.245905] raid6: avx2x4   gen() 21339 MB/s
[   75.302177] raid6: using algorithm avx2x4 gen() 21339 MB/s
[   75.376423] raid6: using avx2x2 recovery algorithm
[   75.415373] xor: automatically using best checksumming function:
[   75.481777]    avx       : 16981.000 MB/sec
[   75.531598] async_tx: api initialized (async)
[   75.616112] md: raid6 personality registered for level 6
[   75.679949] md: raid5 personality registered for level 5
[   75.743347] md: raid4 personality registered for level 4
[   75.814034] md: raid10 personality registered for level 10
done.
Begin: Running /scripts/init-premount ... done.[   75.934200] Btrfs loaded

Begin: Mounting root file system ... Begin: Running /scripts/lo[   76.026761] EXT4-fs (sda1): mounted filesystem with ordered data mode. Opts: (null)
cal-top ... done.
Begin: Running /scripts/local-premount ... Scanning for Btrfs filesystems
done.
Warning: fsck not present, so skipping root file system
done.
Begin: Running /scripts/local-bottom ... done.
Begin: Running /scripts/init-bottom ... done.
[   7.621187 sstd[]:ystemd 229 running in system mode. (+PAM +AUDIT +SELINUX +IMA +APPARMOR +SMACK +SYSVINIT +UTMP +LIBCRYPTSETUP +GCRYPT +GNUTLS +ACL +XZ -LZ4 +SECCOMP +BLKID +ELFUTILS +KMOD -IDN)
[   77.060175] systemd[1]: Detected virtualization oracle.
[   77.115282] systemd[1]: Detected architecture x86-64.

Welcome to [1mUbuntu 16.04.6 LTS[0m!

[ 77508]ysmd[1]: Set hostamtoubtu
[   77.811158] random: nonblocking pool is initialized
[   77.868095] systemd[1]: Initializing machine ID from random generator.
[   77.970776] systemd[1]: Installed transient /etc/machine-id file.
[   78.255106] systemd[1]: Listening on Device-mapper event daemon FIFOs.
[[0;32m  OK  [0m] Listening on Device-mapper event daemon FIFOs.
[ 78376]ysem1]:Listening on/dv/initct CmpatibiitNad pe

[[0;32m  OK  [0m] Listening on /dev/initctl Compatibility Named Pipe.
[ 79620] system[1 Srt Tggerrelvon updat f nwokdNS.
[[0;32m  OK  [0m] Started Trigger resolvconf update for networkd DNS.
[ 80173]ysmd]: Rechd rgetUs ad Group Nmeoops

[[0;32m  OK  [0m] Reached target User and Group Name Lookups.
[ 812602syem1]: Cead ic Uer and ession Sic.
[[0;32m  OK  [0m] Created slice User and Session Slice.
[ 8204264]ysmd1]Crtesle stm ic.
[[0;32m  OK  [0m] Created slice System Slice.
[   .891278] system1]:Crtesle system-seria\xgetty.slice.

[[0;32m  OK  [0m] Created slice system-serial\x2dgetty.slice.
[   83.521724] sstemd1]: Rached target Sic.
[[0;32m  OK  [0m] Reached target Slices.
[   83.881859] sstmmd[]: Listening o L2 tataaemon socet
 [[0;32m  OK  [0m] Listening on LVM2 metadata daemon socket.
[ 84543] systemd1]: Listening on Journl Audit Socket.
[[0;32m  OK  [0m] Listening on Journal Audit Socket.
[   85.054072]systmd[]:Reachd rg SteTi Sychnid.
[[0;32m  OK  [0m] Reached target System Time Synchronized.
[  85.4551] sysem1]Lieng  L2 llaen ck.
[[0;32m  OK  [0m] Listening on LVM2 poll daemon socket.
[ 86.746507]sytemd[1]: Liteing oSyogoct.
[[0;32m  OK  [0m] Listening on Syslog Socket.
[ 87453]ysted[: ard orwar Pswd Reqes to Wall Directryat.
[[0;32m  OK  [0m] Started Forward Password Requests to Wall Directory Watch.
[  88504]ysmd]:isning on JounaSoet.
[[0;32m  OK  [0m] Listening on Journal Socket.
[   89.078062] systemd[1]: Starting Monitoring of LVM2 mirrors, snapshots etc. using dmeventd or progress polling...
         Starting Monitoring of LVM2 mirrors... dmeventd or progress polling...
[   89.362152] systemd[1]: Starting Uncomplicated firewall...
         Starting Uncomplicated firewall...
[   89.545713] systemd[1]: Starting Create list of required static device nodes for the current kernel...
         Starting Create list of required st... nodes for the current kernel...
[   89.813998] systemd[1]: Mounting Debug File System...
         Mounting Debug File System...
[   89.987899] systemd[1]: Starting Remount Root and Kernel File Systems...
         [   90.102150] EXT4-fs (sda1): re-mounted. Opts: (null)
Starting Remount Root and Kernel File Systems...
[   90.265803] systemd[1]: Starting Load Kernel Modules...
         [   90.360834] Loading iSCSI transport class v2.0-870.
Starting Load Ke[   90.427270] iscsi: registered transport (tcp)
rnel Modules...
[   90.512871] iscsi: registered transport (iser)
[   90.513584] systemd[1]: Starting Nameserver information manager...
         Starting Nameserver information manager...
[   90.725749] systemd[1]: Listening on Journal Socket (/dev/log).
[[0;32m  OK  [0m] Listening on Journal Socket (/dev/log).
[   90.917947] systemd[1]: Starting Journal Service...
         Starting Journal Service...
[   91.030629] systemd[1]: Listening on udev Control Socket.
[[0;32m  OK  [0m] Listening on udev Control Socket.
[   91.182483] systemd[1]: Listening on udev Kernel Socket.
[[0;32m  OK  [0m] Listening on udev Kernel Socket.
[   91.325916] systemd[1]: Set up automount Arbitrary Executable File Formats File System Automount Point.
[[0;32m  OK  [0m] Set up automount Arbitrary Executab...ats File System Automount Point.
[   91.559606] systemd[1]: Reached target Encrypted Volumes.
[[0;32m  OK  [0m] Reached target Encrypted Volumes.
[   91.666341] systemd[1]: Reached target Swap.
[[0;32m  OK  [0m] Reached target Swap.
[   91.790205] systemd[1]: Mounting POSIX Message Queue File System...
         Mounting POSIX Message Queue File System...
[   91.893695] systemd[1]: Mounting Huge Pages File System...
         Mounting Huge Pages File System...
[   91.994227] systemd[1]: Starting Set console keymap...
         Starting Set console keymap...
[   92.106662] systemd[1]: Mounted POSIX Message Queue File System.
[[0;32m  OK  [0m] Mounted POSIX Message Queue File System.
[   92.242175] systemd[1]: Mounted Debug File System.
[[0;32m  OK  [0m] Mounted Debug File System.
[   92.350199] systemd[1]: Mounted Huge Pages File System.
[[0;32m  OK  [0m] Mounted Huge Pages File System.
[   92.451139] systemd[1]: Started Journal Service.
[[0;32m  OK  [0m] Started Journal Service.
[[0;32m  OK  [0m] Started Uncomplicated firewall.
[[0;32m  OK  [0m] Started Create list of required sta...ce nodes for the current kernel.
[[0;32m  OK  [0m] Started Remount Root and Kernel File Systems.
[[0;32m  OK  [0m] Started Load Kernel Modules.
[[0;32m  OK  [0m] Started Set console keymap.
[[0;32m  OK  [0m] Started Nameserver information manager.
[[0;32m  OK  [0m] Started LVM2 metadata daemon.
         Starting Apply Kernel Variables...
         Mounting FUSE Control File System...
         Starting udev Coldplug all Devices...
         Starting Load/Save Random Seed...
         Starting Create Static Device Nodes in /dev...
         Starting Flush Journal to Persistent Storage...
[[0;32m  OK  [0m] Mounted FUSE Control File System.
[[0;32m  OK  [0m] Started Monitoring of LVM2 mirrors,...ng dmeventd or progress polling.
[[0;32m  OK  [0m] Started Apply Kernel Variables.
[[0;32m  OK  [0m] Started Load/Save Random Seed.
[[0;32m  OK  [0m] Started Create Static Device Nodes in /dev.
[[0;32m  OK  [0m] Started udev Coldplug all Devices.
         Starting udev Kernel Device Manager...
[[0;32m  OK  [0m] Reached target Local File Systems (Pre).
[[0;32m  OK  [0m] Reached target Local File Systems.
         Starting LSB: AppArmor initialization...
         Starting Tell Plymouth To Write Out Runtime Data...
         Starting Set console font and keymap...
         Starting Initial cloud-init job (pre-networking)...
         Starting Commit a transient machine-id on disk...
[[0;32m  OK  [0m] Started udev Kernel Device Manager.
[[0;32m  OK  [0m] Started Tell Plymouth To Write Out Runtime Data.
[[0;32m  OK  [0m] Started Commit a transient machine-id on disk.
[[0;32m  OK  [0m] Started Flush Journal to Persistent Storage.
[[0;32m  OK  [0m] Found device /dev/ttyS0.
[[0;32m  OK  [0m] Listening on Load/Save RF Kill Switch Status /dev/rfkill Watch.
         Starting Create Volatile Files and Directories...
[[0;32m  OK  [0m] Started Dispatch Password Requests to Console Directory Watch.
[[0;32m  OK  [0m] Started Set console font and keymap.
[[0;32m  OK  [0m] Started Create Volatile Files and Directories.
[   77.283178] cloud-init[580]: Cloud-init v. 19.4-33-gbb4131a2-0ubuntu1~16.04.1 running 'init-local' at Wed, 13 May 2020 21:33:34 +0000. Up 76.42 seconds.
         Starting Update UTMP about System Boot/Shutdown...
[[0;32m  OK  [0m] Created slice system-getty.slice.
[[0;32m  OK  [0m] Started Update UTMP about System Boot/Shutdown.
[[0;32m  OK  [0m] Started Initial cloud-init job (pre-networking).
[[0;32m  OK  [0m] Reached target Network (Pre).
[[0;32m  OK  [0m] Started LSB: AppArmor initialization.
         Starting Raise network interfaces...
[[0;32m  OK  [0m] Started Raise network interfaces.
[[0;32m  OK  [0m] Reached target Network.
         Starting Initial cloud-init job (metadata service crawler)...
[   81.367034] cloud-init[956]: Cloud-init v. 19.4-33-gbb4131a2-0ubuntu1~16.04.1 running 'init' at Wed, 13 May 2020 21:33:38 +0000. Up 80.18 seconds.
[[0;32m  OK  [0m] Started Initial cloud-init job (metadata service crawler).
[[0;32m  OK  [0m] Reached target System Initialization.
[   81.523320] cloud-init[956]: ci-info: ++++++++++++++++++++++++++++++++++++++Net device info+++++++++++++++++++++++++++++++++++++++
[   81.812955] cloud-init[956]: ci-info: +--------+-------+----------------------------+---------------+--------+-------------------+
[[0;32m  OK  [0m] Started Daily Cleanup of Temporary Directories.
[   81.988794] cloud-init[956]: ci-info: | Device |   Up  |          Address           |      Mask     | Scope  |     Hw-Address    |
[   82.256827] [cloud-init[0;32m  OK  [0m[956]: ] ci-info: +--------+-------+----------------------------+---------------+--------+-------------------+Started ACPI Events Check.

[   82.258446] [[0;32m  OK  [0m] Reached target Paths.
cloud-init[956]: ci-info: | enp0s3 |  True |         10.0.2.15          | 255.255.255.0 | global | 02:cb:9c:89:30:63 |
[   82.729606]          Starting Socket activation for snappy daemon.
cloud-init[956]: ci-info: | enp0s3 |  True | fe80::cb:9cff:fe89:3063/64 |       .       |  link  | 02:cb:9c:89:30:63 |
[[0;32m  OK  [0m] Listening on ACPID Listen Socket.
[   83.001968] [[0;32m  OK  [0m] Started Message of the Day.
cloud-init[956]: ci-info: | enp0s8 | False |             .              |       .       |   .    | 08:00:27:be:31:40 |
[   83.385034] [[0;32m  OK  [0m] Listening on D-Bus System Message Bus Socket.
cloud-init[956]: ci-info: |   lo   |  True |         127.0.0.1          |   255.0.0.0   |  host  |         .         |
         Starting LXD - unix socket.
[   83.686738] cloud-init[956]: ci-info: |   lo   |  True |          ::1/128           |       .       |  host  |         .         |
[   83.690086] [[0;32m  OK  [0m] Started Daily apt download activities.
cloud-init[956]: ci-info: +--------+-------+----------------------------+---------------+--------+-------------------+
[[0;32m  OK  [0m] Started Daily apt upgrade and clean activities.
[   84.111638] cloud-init[956]: ci-info: +++++++++++++++++++++++++++Route IPv4 info++++++++++++++++++++++++++++
[   84.357069] [cloud-init[0;32m  OK  [0m[956]: ] ci-info: +-------+-------------+----------+---------------+-----------+-------+Reached target Timers.

[   84.629476] cloud-init[956]: ci-info: | Route | Destination | Gateway  |    Genmask    | Interface | Flags |
[[0;32m  OK  [0m] Listening on UUID daemon activation socket.
[[0;32m  OK  [0m] Reached target Cloud-config availability.
[[0;32m  OK  [0m] Reached target Network is Online.
[   84.635034] cloud-init[956]: ci-info: +-------+-------------+----------+---------------+-----------+-------+
[   85.152981]          cloud-initStarting iSCSI initiator daemon (iscsid)...[956]: 
ci-info: |   0   |   0.0.0.0   | 10.0.2.2 |    0.0.0.0    |   enp0s3  |   UG  |
[   85.380575] [cloud-init[0;32m  OK  [0m[956]: ] ci-info: |   1   |   10.0.2.0  | 0.0.0.0  | 255.255.255.0 |   enp0s3  |   U   |Listening on Socket activation for snappy daemon.

[[0;32m  OK  [0m] Listening on LXD - unix socket.
[   85.381376] cloud-init[956]: ci-info: +-------+-------------+----------+---------------+-----------+-------+
[[0;32m  OK  [0m] Reached target Sockets.
[[0;32m  OK  [0m] Reached target Basic System.
[   85.874577] cloud-init[956]: ci-info: +++++++++++++++++++Route IPv6 info+++++++++++++++++++
[   86.105910] [[0;32m  OK  [0m] Started Deferred execution scheduler.
cloud-init[956]: ci-info: +-------+-------------+---------+-----------+-------+
[   86.305332]          cloud-initStarting Accounts Service...[956]: 
ci-info: | Route | Destination | Gateway | Interface | Flags |
[   86.497278]          cloud-initStarting LSB: Record successful boot for GRUB...[956]: 
ci-info: +-------+-------------+---------+-----------+-------+
[   86.498828] cloud-init[956]: ci-info: |   0   |  fe80::/64  |    ::   |   enp0s3  |   U   |
[   86.794215] cloud-init[956]: ci-info: |   3   |   ff00::/8  |    ::   |   enp0s3  |   U   |
[   86.795072] cloud-init[956]: ci-info: +-------+-------------+---------+-----------+-------+
[   86.795198] cloud-init[956]: Generating public/private rsa key pair.
[   86.795316] cloud-init[956]: Your identification has been saved in /etc/ssh/ssh_host_rsa_key.
[   86.795522] cloud-init[956]: Your public key has been saved in /etc/ssh/ssh_host_rsa_key.pub.
[   86.795691] cloud-init[956]: The key fingerprint is:
[   86.795816] cloud-init[956]: SHA256:mbiIQK6BxgdQNnklSmSHOwxArL6oOuEWc0gfQoAS7UQ root@ubuntu-xenial
[   86.795932] cloud-init[956]: The key's randomart image is:
[   86.796059] cloud-init[956]: +---[RSA 2048]----+
[   86.796180] cloud-init[956]: |@BEoo..          |
[   86.796296] cloud-init[956]: |=*=+..           |
[[0;32m  OK  [0m] Started Regular background program processing daemon.
[   88.148097] cloud-init[956]: |+B.o             |
[   88.228909] cloud-init[956]: |*o*.   . o       |
         Starting Login Service...
[   88.317029] cloud-init[956]: |*++o. . S        |
[   88.478256] cloud-init[956]: |+B.+ . .         |
[   88.479147] cloud-init[956]: |+.* . .          |
         Starting Virtualbox guest utils...
[   88.479780] cloud-init[956]: |o+               |
[   88.741168] cloud-init[956]: |*.               |
[   88.742008] cloud-init[956]: +----[SHA256]-----+
         Starting System Logging Service...
[   88.742220] cloud-init[956]: Generating public/private dsa key pair.
[   89.048563] cloud-init[956]: Your identification has been saved in /etc/ssh/ssh_host_dsa_key.
[   89.049225] cloud-init[956]: Your public key has been saved in /etc/ssh/ssh_host_dsa_key.pub.
[[0;32m  OK  [0m] Started FUSE filesystem for LXC.
[   89.049419] cloud-init[956]: The key fingerprint is:
[   90.109441] cloud-init[956]: SHA256:65tK9pw6uBHIDa5UiN4ECttLLX3Ljo3ZzlJDDmiBGzw root@ubuntu-xenial
[   90.113521] cloud-init[956]: The key's randomart image is:
         Starting LSB: MD monitoring daemon...
[   90.115148] cloud-init[956]: +---[DSA 1024]----+
[   90.523445] cloud-init[956]: |oo               |
[   90.525986] cloud-init[956]: |*E+o             |
[[0;32m  OK  [0m] Started ACPI event daemon.
[   90.529125] cloud-init[956]: |++*=o .          |
[   90.794660] cloud-init[956]: |o+**.o..         |
[   90.796877] cloud-init[956]: | +=.o+o S        |
         Starting /etc/rc.local Compatibility...
[   90.798679] cloud-init[956]: |..   O+  .       |
[   91.062951] cloud-init[956]: |.   =o*..        |
[   91.063592] cloud-init[956]: |    o*.+ o       |
         Starting Snappy daemon...
[   91.063851] cloud-init[956]: |    .o=+B.       |
[   91.264375] cloud-init[956]: +----[SHA256]-----+
         Starting Pollinate to seed the pseudo random number generator...
[   91.265391] cloud-init[956]: Generating public/private ecdsa key pair.
[   91.497230] cloud-init[956]: Your identification has been saved in /etc/ssh/ssh_host_ecdsa_key.
[   91.497825] cloud-init[956]: Your public key has been saved in /etc/ssh/ssh_host_ecdsa_key.pub.
[[0;32m  OK  [0m] Started D-Bus System Message Bus.
[   91.498081] cloud-init[956]: The key fingerprint is:
         [   91.925084] cloud-init[956]: SHA256:iqTVUwTfggoApcjpYLEJ+ATmsPztX9gRuW854cc47R0 root@ubuntu-xenial
[   91.926106] cloud-init[956]: The key's randomart image is:
Starting LXD - container startup/shutdown...
[   91.926588] cloud-init[956]: +---[ECDSA 256]---+
[[0;32m  OK  [0m] Started System Logging Service.
[   92.230002] cloud-init[956]: |O=.   ...        |
[[0;32m  OK  [0m] Started Snappy daemon.
[   92.358868] cloud-init[956]: |X+*    + ..      |
[   92.432517] cloud-init[956]: |=@.   . +o.      |
[   92.432970] cloud-init[956]: |+ o..o . .o      |
[[0;32m  OK  [0m] Started iSCSI initiator daemon (iscsid).
[   92.433123] cloud-init[956]: | . .+.o So .     |
[   92.656904] cloud-init[956]: |   +.. oo + *    |
[   92.658021] cloud-init[956]: |  . .... o O + E |
[[0;32m  OK  [0m] Started /etc/rc.local Compatibility.
[[   92.658582] cloud-init[956]: |      . . . = . .|
[   92.951237] cloud-init[956]: |       .     . . |
[0;32m  OK  [0m] Started LXD - container startup/shutdown.
[   92.951500] cloud-init[956]: +----[SHA256]-----+
[   93.268583] [cloud-init[0;32m  OK  [0m[956]: ] Generating public/private ed25519 key pair.Started Login Service.

[   93.269397] cloud-init[956]: Your identification has been saved in /etc/ssh/ssh_host_ed25519_key.
[   93.657211] cloud-init[956]: Your public key has been saved in /etc/ssh/ssh_host_ed25519_key.pub.
[[0;32m  OK  [0m] Started LSB: Record successful boot for GRUB.
[   93.664069] [cloud-init[0;32m  OK  [0m[956]: ] The key fingerprint is:Started Virtualbox guest utils.

[   93.843668] cloud-init[956]: SHA256:9D8z+8BOU/m8yA0UjiNrW3+d3VWC7caXQAo5IH4qCY4 root@ubuntu-xenial
[[0;32m  OK  [0m] Started LSB: MD monitoring daemon.
[   93.990732] cloud-init[956]: The key's randomart image is:
[[0;32m  OK  [0m[   94.250309] cloud-init[956]: +--[ED25519 256]--+
] Started Pollinate to seed the pseudo random number generator.
[   94.253967] cloud-init[956]: |     . .. .      |
[   94.448725]          cloud-initStarting OpenBSD Secure Shell server...[956]: 
|    . .  +   .   |
[[0;32m  OK  [0m] Started Unattended Upgrades Shutdown.
[   94.569572] cloud-init[956]: | .   . .. o o+   |
[   94.700744]          cloud-initStarting Authenticate and Authorize Users to Run Privileged Tasks...[956]: 
|o . . o. . .+.+..|
[   94.701485] cloud-init[956]: |E. o .  S..o =+.o|
[   94.955029]          Starting Login to default iSCSI targets...
cloud-init[956]: |    .     ooo.++o|
         Starting Wait until snapd is fully seeded...
[   95.086146] cloud-init[956]: |         o .Xo .O|
[   95.212615] [cloud-init[0;32m  OK  [0m[956]: ] |        . oooB+o=|Started Authenticate and Authorize Users to Run Privileged Tasks.

[[0;32m  OK  [0m] Started OpenBSD Secure Shell server.
[   95.213232] cloud-init[956]: |         .  o=oo |
[   95.534179] [cloud-init[0;32m  OK  [0m[956]: ] +----[SHA256]-----+Started Accounts Service.

[[0;32m  OK  [0m] Started Wait until snapd is fully seeded.
         Starting Apply the settings specified in cloud-config...
[[0;32m  OK  [0m] Started Login to default iSCSI targets.
[[0;32m  OK  [0m] Reached target Remote File Systems (Pre).
[[0;32m  OK  [0m] Reached target Remote File Systems.
         Starting Permit User Sessions...
         Starting LSB: automatic crash report generation...
         Starting LSB: daemon to balance interrupts for SMP systems...
         Starting LSB: Set the CPU Frequency Scaling governor to "ondemand"...
[[0;32m  OK  [0m] Started Permit User Sessions.
[   96.512202] cloud-init[1255]: Generating locales (this might take a while)...
         Starting Terminate Plymouth Boot Screen...
         Starting Hold until boot process finishes up...
[[0;32m  OK  [0m] Started Terminate Plymouth Boot Screen.
[[0;32m  OK  [0m] Started Hold until boot process finishes up.
         Starting Set console scheme...
[[0;32m  OK  [0m] Started Getty on tty1.
[[0;32m  OK  [0m] Started Serial Getty on ttyS0.
[[0;32m  OK  [0m] Reached target Login Prompts.
[[0;32m  OK  [0m] Started LSB: automatic crash report generation.
[[0;32m  OK  [0m] Started LSB: daemon to balance interrupts for SMP systems.
[[0;32m  OK  [0m] Started LSB: Set the CPU Frequency Scaling governor to "ondemand".
[[0;32m  OK  [0m] Started Set console scheme.
[[0;32m  OK  [0m] Reached target Multi-User System.
[   97.861569] cloud-init[1255]:   en_US.UTF-8... done
[   97.873414] cloud-init[1255]: Generation complete.
[[0;32m  OK  [0m] Reached target Graphical Interface.
         Starting Update UTMP about System Runlevel Changes...
[[0;32m  OK  [0m] Started Update UTMP about System Runlevel Changes.
[   98.387073] cloud-init[1255]: Cloud-init v. 19.4-33-gbb4131a2-0ubuntu1~16.04.1 running 'modules:config' at Wed, 13 May 2020 21:33:54 +0000. Up 96.33 seconds.
[[0;32m  OK  [0m] Started Apply the settings specified in cloud-config.
         Starting Execute cloud user/final scripts...
ci-info: no authorized SSH keys fingerprints found for user ubuntu.
<14>May 13 21:33:57 ec2: 
<14>May 13 21:33:57 ec2: #############################################################
<14>May 13 21:33:57 ec2: -----BEGIN SSH HOST KEY FINGERPRINTS-----
<14>May 13 21:33:57 ec2: 1024 SHA256:65tK9pw6uBHIDa5UiN4ECttLLX3Ljo3ZzlJDDmiBGzw root@ubuntu-xenial (DSA)
<14>May 13 21:33:57 ec2: 256 SHA256:iqTVUwTfggoApcjpYLEJ+ATmsPztX9gRuW854cc47R0 root@ubuntu-xenial (ECDSA)
<14>May 13 21:33:57 ec2: 256 SHA256:9D8z+8BOU/m8yA0UjiNrW3+d3VWC7caXQAo5IH4qCY4 root@ubuntu-xenial (ED25519)
<14>May 13 21:33:57 ec2: 2048 SHA256:mbiIQK6BxgdQNnklSmSHOwxArL6oOuEWc0gfQoAS7UQ root@ubuntu-xenial (RSA)
<14>May 13 21:33:57 ec2: -----END SSH HOST KEY FINGERPRINTS-----
<14>May 13 21:33:57 ec2: #############################################################
-----BEGIN SSH HOST KEY KEYS-----
ecdsa-sha2-nistp256 AAAAE2VjZHNhLXNoYTItbmlzdHAyNTYAAAAIbmlzdHAyNTYAAABBBLcSp6NoF1gjdUgkPoWsPCS9GN9zVZXZoQ+oRFzU4YgsUN03IveOvGVi+dxhF9lrbiV6st2tA3m+wZgBG+mRwD0= root@ubuntu-xenial
ssh-ed25519 AAAAC3NzaC1lZDI1NTE5AAAAIC45xltrk1sz3cjjm2JNSeMDkYT8P0Vpek7A0oB7Gn8Z root@ubuntu-xenial
ssh-rsa AAAAB3NzaC1yc2EAAAADAQABAAABAQDkWmF/7uZwAFyq6tAzsdcK4ed1mIwX8nvqruuwFph8u4io+8TNJOtqeXYkdq1HXfUOgWhZ2aW8KQqIQeMwGq6F1AMAB0UvntjGtGO/47qcTUEsNzPYflLV5zhog4i7hIcHkCygX/nhMYEd4OS1vMuCKMILz8h6WDTNdUfoSHj2d0VzmkJcEod8V6D/+EBlHRx/QjzghXMTLtitXSMh+2aFX4MIVOH/D6X1oSo5DsL3GslKAX9RNevzC4M7G7X7Zkuo4fBT6f9IKiWlSh33WPEM0Onrcp3LT0Qwb6Ftoze8stXylXxhfV3Jxcq4Y9p+OeuUnUdE6NHLo583mGiHIKTd root@ubuntu-xenial
-----END SSH HOST KEY KEYS-----
[  101.642221] cloud-init[1357]: Cloud-init v. 19.4-33-gbb4131a2-0ubuntu1~16.04.1 running 'modules:final' at Wed, 13 May 2020 21:33:57 +0000. Up 99.34 seconds.
[  101.800218] cloud-init[1357]: ci-info: no authorized SSH keys fingerprints found for user ubuntu.
[  101.925165] cloud-init[1357]: Cloud-init v. 19.4-33-gbb4131a2-0ubuntu1~16.04.1 finished at Wed, 13 May 2020 21:33:59 +0000. Datasource DataSourceNoCloud [seed=/dev/sdb][dsmode=net].  Up 101.62 seconds
[[0;32m  OK  [0m] Started Execute cloud user/final scripts.

Ubuntu 16.04.6 LTS ubuntu-xenial ttyS0

ubuntu-xenial login: 